<?xml version="1.0" encoding="UTF-8"?>
<testsuite xmlns:xsi="http://www.w3.org/2001/XMLSchema-instance" xsi:noNamespaceSchemaLocation="https://maven.apache.org/surefire/maven-surefire-plugin/xsd/surefire-test-report.xsd" name="nl.thomasvanminnen.rest.resources.PlaylistResourceTest" time="0.06" tests="7" errors="0" skipped="0" failures="0">
  <properties>
[...]
</properties>
  <testcase name="get201FromInsertingPlaylists" classname="nl.thomasvanminnen.rest.resources.PlaylistResourceTest" time="0.041"/>
  <testcase name="get200FromGettingAllTrackFromPlaylists" classname="nl.thomasvanminnen.rest.resources.PlaylistResourceTest" time="0.002"/>
  <testcase name="get201FromInsertingNewTrackToPlaylists" classname="nl.thomasvanminnen.rest.resources.PlaylistResourceTest" time="0.005"/>
  <testcase name="get200FromUpdatingPlaylists" classname="nl.thomasvanminnen.rest.resources.PlaylistResourceTest" time="0.003"/>
  <testcase name="get200FromGettingAllPlaylists" classname="nl.thomasvanminnen.rest.resources.PlaylistResourceTest" time="0.001"/>
  <testcase name="get200FromDeletingTrackFromPlaylists" classname="nl.thomasvanminnen.rest.resources.PlaylistResourceTest" time="0.001"/>
  <testcase name="get200FromDeletingPlaylists" classname="nl.thomasvanminnen.rest.resources.PlaylistResourceTest" time="0.001"/>
</testsuite>